[      93ms] [LOG] %c[Vercel Speed Insights]%c [vitals] color: rgb(120, 120, 120) color: inherit {speed: 4g, metrics: Array(1), scriptVersion: 0.1.3, sdkName: @vercel/speed-insights/next, sdkVersion: 2.0.0} /_vercel/speed-insights/vitals @ http://localhost:3000/_next/static/chunks/node_modules_next_dist_0fbd3ry._.js:1330
[      95ms] [LOG] %c[Vercel Speed Insights]%c [vitals] color: rgb(120, 120, 120) color: inherit {speed: 4g, metrics: Array(1), scriptVersion: 0.1.3, sdkName: @vercel/speed-insights/next, sdkVersion: 2.0.0} /_vercel/speed-insights/vitals @ http://localhost:3000/_next/static/chunks/node_modules_next_dist_0fbd3ry._.js:1330
[     116ms] [INFO] %cDownload the React DevTools for a better development experience: https://react.dev/link/react-devtools font-weight:bold @ http://localhost:3000/_next/static/chunks/node_modules_react-dom_0bruynb._.js:15305
[     166ms] [WARNING] motion() is deprecated. Use motion.create() instead. @ http://localhost:3000/_next/static/chunks/node_modules_next_dist_0fbd3ry._.js:1330
[     168ms] [LOG] [HMR] connected @ http://localhost:3000/_next/static/chunks/node_modules_next_dist_0fbd3ry._.js:1330
[     193ms] [ERROR] `legacyBehavior` is deprecated and will be removed in a future release. A codemod is available to upgrade your components:

npx @next/codemod@latest new-link .

Learn more: https://nextjs.org/docs/app/building-your-application/upgrading/codemods#remove-a-tags-from-link-components @ http://localhost:3000/_next/static/chunks/node_modules_next_dist_0fbd3ry._.js:2049
[     316ms] [WARNING] Image with src "/_next/static/media/pideme_1.0p2k_a7.bo967.png" has "fill" but is missing "sizes" prop. Please add it to improve page performance. Read more: https://nextjs.org/docs/api-reference/next/image#sizes @ http://localhost:3000/_next/static/chunks/node_modules_next_dist_0fbd3ry._.js:1330
[     316ms] [WARNING] Image with src "/_next/static/media/iaprevent_1.098y9u3o.w94n.png" has "fill" but is missing "sizes" prop. Please add it to improve page performance. Read more: https://nextjs.org/docs/api-reference/next/image#sizes @ http://localhost:3000/_next/static/chunks/node_modules_next_dist_0fbd3ry._.js:1330
[     317ms] [WARNING] Image with src "/_next/static/media/web_1.106osm16ma1~-.png" has "fill" but is missing "sizes" prop. Please add it to improve page performance. Read more: https://nextjs.org/docs/api-reference/next/image#sizes @ http://localhost:3000/_next/static/chunks/node_modules_next_dist_0fbd3ry._.js:1330
[     322ms] [LOG] %c[Vercel Web Analytics]%c Debug mode is enabled by default in development. No requests will be sent to the server. color: rgb(120, 120, 120) color: inherit @ http://localhost:3000/_next/static/chunks/node_modules_next_dist_0fbd3ry._.js:1330
[     322ms] [LOG] %c[Vercel Web Analytics]%c [view] http://localhost:3000/works color: rgb(120, 120, 120) color: inherit {o: http://localhost:3000/works, sv: 0.1.3, sdkn: @vercel/analytics/react, sdkv: 2.0.1, ts: 1777845908377} /_vercel/insights/view @ http://localhost:3000/_next/static/chunks/node_modules_next_dist_0fbd3ry._.js:1330
[     322ms] [LOG] %c[Vercel Speed Insights]%c Debug mode is enabled by default in development. No requests will be sent to the server. color: rgb(120, 120, 120) color: inherit @ http://localhost:3000/_next/static/chunks/node_modules_next_dist_0fbd3ry._.js:1330
[     336ms] [WARNING] Image with src "/_next/static/media/kumux_1.0s.-q-au67g-d.png" has "fill" but is missing "sizes" prop. Please add it to improve page performance. Read more: https://nextjs.org/docs/api-reference/next/image#sizes @ http://localhost:3000/_next/static/chunks/node_modules_next_dist_0fbd3ry._.js:1330
[     336ms] [WARNING] Image with src "/_next/static/media/kumux_2.03dp7jy3l2uyc.png" has "fill" but is missing "sizes" prop. Please add it to improve page performance. Read more: https://nextjs.org/docs/api-reference/next/image#sizes @ http://localhost:3000/_next/static/chunks/node_modules_next_dist_0fbd3ry._.js:1330
[     351ms] [WARNING] Image with src "/_next/static/media/aqd_1.0geeqw~lus1fe.png" has "fill" but is missing "sizes" prop. Please add it to improve page performance. Read more: https://nextjs.org/docs/api-reference/next/image#sizes @ http://localhost:3000/_next/static/chunks/node_modules_next_dist_0fbd3ry._.js:1330
[     359ms] [WARNING] Image with src "/_next/static/media/littlebox_1.0uyaakv_.brmz.png" has "fill" but is missing "sizes" prop. Please add it to improve page performance. Read more: https://nextjs.org/docs/api-reference/next/image#sizes @ http://localhost:3000/_next/static/chunks/node_modules_next_dist_0fbd3ry._.js:1330
[     364ms] [WARNING] Image with src "/_next/static/media/avocado.08e53buqfn-i6.png" has "fill" but is missing "sizes" prop. Please add it to improve page performance. Read more: https://nextjs.org/docs/api-reference/next/image#sizes @ http://localhost:3000/_next/static/chunks/node_modules_next_dist_0fbd3ry._.js:1330
[     371ms] [WARNING] Image with src "/_next/static/media/weather_1.0b~z_5t1ynam..png" has "fill" but is missing "sizes" prop. Please add it to improve page performance. Read more: https://nextjs.org/docs/api-reference/next/image#sizes @ http://localhost:3000/_next/static/chunks/node_modules_next_dist_0fbd3ry._.js:1330
[    5401ms] [ERROR] Failed to load resource: net::ERR_CONNECTION_REFUSED @ https://region1.google-analytics.com/g/collect?v=2&tid=G-WYPWNBF6FN&gtm=45je64t1v886286406za200zd886286406&_p=1777845908452&gcd=13l3l3l2l1l1&npa=1&dma_cps=a&dma=1&_eu=AAAAAAQ&are=1&cid=714538472.1777844736&frm=0&pscdl=noapi&rcb=5&sr=1440x900&uaa=x86&uab=64&uafvl=Chromium%3B143.0.7499.4%7CNot%2520A(Brand%3B24.0.0.0&uam=&uamb=0&uap=Linux&uapv=6.12.82&uaw=0&ul=es-es&_s=1&tag_exp=0~115616985~115938466~115938469~117384405~118128923~118689382&dp=%2Fworks&sid=1777844735&sct=1&seg=1&dl=http%3A%2F%2Flocalhost%2Fworks&dt=Works%20-%20Angel%20Batlles&en=page_view&_ee=1&tfd=5398:0
