[     176ms] [LOG] [Fast Refresh] rebuilding @ http://localhost:3000/_next/static/chunks/node_modules_next_dist_0fbd3ry._.js:1330
[     437ms] [LOG] %c[Vercel Speed Insights]%c [vitals] color: rgb(120, 120, 120) color: inherit {speed: 3g, metrics: Array(3), scriptVersion: 0.1.3, sdkName: @vercel/speed-insights/next, sdkVersion: 2.0.0} /_vercel/speed-insights/vitals @ http://localhost:3000/_next/static/chunks/node_modules_next_dist_0fbd3ry._.js:1330
[     444ms] [LOG] %c[Vercel Speed Insights]%c [vitals] color: rgb(120, 120, 120) color: inherit {speed: 3g, metrics: Array(1), scriptVersion: 0.1.3, sdkName: @vercel/speed-insights/next, sdkVersion: 2.0.0} /_vercel/speed-insights/vitals @ http://localhost:3000/_next/static/chunks/node_modules_next_dist_0fbd3ry._.js:1330
[   44926ms] [INFO] %cDownload the React DevTools for a better development experience: https://react.dev/link/react-devtools font-weight:bold @ http://localhost:3000/_next/static/chunks/node_modules_react-dom_0bruynb._.js:15305
[   45014ms] [WARNING] motion() is deprecated. Use motion.create() instead. @ http://localhost:3000/_next/static/chunks/node_modules_next_dist_0fbd3ry._.js:1330
[   45016ms] [LOG] [HMR] connected @ http://localhost:3000/_next/static/chunks/node_modules_next_dist_0fbd3ry._.js:1330
[   45132ms] [ERROR] `legacyBehavior` is deprecated and will be removed in a future release. A codemod is available to upgrade your components:

npx @next/codemod@latest new-link .

Learn more: https://nextjs.org/docs/app/building-your-application/upgrading/codemods#remove-a-tags-from-link-components @ http://localhost:3000/_next/static/chunks/node_modules_next_dist_0fbd3ry._.js:2049
[   45311ms] [LOG] %c[Vercel Web Analytics]%c Debug mode is enabled by default in development. No requests will be sent to the server. color: rgb(120, 120, 120) color: inherit @ http://localhost:3000/_next/static/chunks/node_modules_next_dist_0fbd3ry._.js:1330
[   45311ms] [LOG] %c[Vercel Web Analytics]%c [view] http://localhost:3000/ color: rgb(120, 120, 120) color: inherit {o: http://localhost:3000/, sv: 0.1.3, sdkn: @vercel/analytics/react, sdkv: 2.0.1, ts: 1777845394892} /_vercel/insights/view @ http://localhost:3000/_next/static/chunks/node_modules_next_dist_0fbd3ry._.js:1330
[   45312ms] [LOG] %c[Vercel Speed Insights]%c Debug mode is enabled by default in development. No requests will be sent to the server. color: rgb(120, 120, 120) color: inherit @ http://localhost:3000/_next/static/chunks/node_modules_next_dist_0fbd3ry._.js:1330
[   50337ms] [ERROR] Failed to load resource: net::ERR_CONNECTION_REFUSED @ https://region1.google-analytics.com/g/collect?v=2&tid=G-WYPWNBF6FN&gtm=45je64t1v886286406za200zd886286406&_p=1777845394895&gcd=13l3l3l2l1l1&npa=1&dma_cps=a&dma=1&_eu=AAAAAAQ&are=1&cid=714538472.1777844736&frm=0&pscdl=noapi&rcb=11&sr=390x844&uaa=x86&uab=64&uafvl=Chromium%3B143.0.7499.4%7CNot%2520A(Brand%3B24.0.0.0&uam=&uamb=0&uap=Linux&uapv=6.12.82&uaw=0&ul=es-es&_s=1&tag_exp=0~115616985~115938465~115938469~116363098&dp=%2F&sid=1777844735&sct=1&seg=1&dl=http%3A%2F%2Flocalhost%2F&dt=Angel%20Batlles%20-%20Desarrollador%20Full%20Stack&en=page_view&_ee=1&tfd=50335:0
[  127693ms] [WARNING] [.WebGL-0x3dc053e4c00]GL Driver Message (OpenGL, Performance, GL_CLOSE_PATH_NV, High): GPU stall due to ReadPixels @ http://localhost:3000/:0
[  127789ms] [WARNING] [.WebGL-0x3dc053e4c00]GL Driver Message (OpenGL, Performance, GL_CLOSE_PATH_NV, High): GPU stall due to ReadPixels @ http://localhost:3000/:0
[  127799ms] [WARNING] [.WebGL-0x3dc053e4c00]GL Driver Message (OpenGL, Performance, GL_CLOSE_PATH_NV, High): GPU stall due to ReadPixels @ http://localhost:3000/:0
[  127822ms] [WARNING] [.WebGL-0x3dc053e4c00]GL Driver Message (OpenGL, Performance, GL_CLOSE_PATH_NV, High): GPU stall due to ReadPixels (this message will no longer repeat) @ http://localhost:3000/:0
[  223656ms] [ERROR] ./components/home/MiniTerminal.tsx:411:1
Unexpected token. Did you mean `{'}'}` or `&rbrace;`?
  409 |     </Box>
  410 |   )
> 411 | }
      | ^
  412 |
  413 | export default MiniTerminal
  414 |

Parsing ecmascript source code failed

Import traces:
  Browser:
    ./components/home/MiniTerminal.tsx
    ./pages/index.tsx

  SSR:
    ./components/home/MiniTerminal.tsx
    ./pages/index.tsx @ http://localhost:3000/_next/static/chunks/node_modules_next_dist_0fbd3ry._.js:2049
[  223718ms] [ERROR] ./components/home/MiniTerminal.tsx:411:1
Unexpected token. Did you mean `{'}'}` or `&rbrace;`?
  409 |     </Box>
  410 |   )
> 411 | }
      | ^
  412 |
  413 | export default MiniTerminal
  414 |

Parsing ecmascript source code failed

Import traces:
  Browser:
    ./components/home/MiniTerminal.tsx
    ./pages/index.tsx

  SSR:
    ./components/home/MiniTerminal.tsx
    ./pages/index.tsx @ http://localhost:3000/_next/static/chunks/node_modules_next_dist_0fbd3ry._.js:2049
[  223788ms] [LOG] [Fast Refresh] rebuilding @ http://localhost:3000/_next/static/chunks/node_modules_next_dist_0fbd3ry._.js:1330
[  231226ms] [LOG] [Fast Refresh] rebuilding @ http://localhost:3000/_next/static/chunks/node_modules_next_dist_0fbd3ry._.js:1330
[  231244ms] [LOG] [Fast Refresh] done in 27ms @ http://localhost:3000/_next/static/chunks/node_modules_next_dist_0fbd3ry._.js:1330
