[     105ms] [LOG] [Fast Refresh] rebuilding @ http://localhost:3000/_next/static/chunks/node_modules_next_dist_0fbd3ry._.js:1330
[     457ms] [LOG] [Fast Refresh] done in 451ms @ http://localhost:3000/_next/static/chunks/node_modules_next_dist_0fbd3ry._.js:1330
[     460ms] [LOG] %c[Vercel Speed Insights]%c [vitals] color: rgb(120, 120, 120) color: inherit {speed: 4g, metrics: Array(5), scriptVersion: 0.1.3, sdkName: @vercel/speed-insights/next, sdkVersion: 2.0.0} /_vercel/speed-insights/vitals @ http://localhost:3000/_next/static/chunks/node_modules_next_dist_0fbd3ry._.js:1330
[     463ms] [LOG] %c[Vercel Speed Insights]%c [vitals] color: rgb(120, 120, 120) color: inherit {speed: 4g, metrics: Array(1), scriptVersion: 0.1.3, sdkName: @vercel/speed-insights/next, sdkVersion: 2.0.0} /_vercel/speed-insights/vitals @ http://localhost:3000/_next/static/chunks/node_modules_next_dist_0fbd3ry._.js:1330
[     482ms] [INFO] %cDownload the React DevTools for a better development experience: https://react.dev/link/react-devtools font-weight:bold @ http://localhost:3000/_next/static/chunks/node_modules_react-dom_0bruynb._.js:15305
[     532ms] [WARNING] motion() is deprecated. Use motion.create() instead. @ http://localhost:3000/_next/static/chunks/node_modules_next_dist_0fbd3ry._.js:1330
[     535ms] [LOG] [HMR] connected @ http://localhost:3000/_next/static/chunks/node_modules_next_dist_0fbd3ry._.js:1330
[     564ms] [ERROR] `legacyBehavior` is deprecated and will be removed in a future release. A codemod is available to upgrade your components:

npx @next/codemod@latest new-link .

Learn more: https://nextjs.org/docs/app/building-your-application/upgrading/codemods#remove-a-tags-from-link-components @ http://localhost:3000/_next/static/chunks/node_modules_next_dist_0fbd3ry._.js:2049
[     857ms] [LOG] %c[Vercel Web Analytics]%c Debug mode is enabled by default in development. No requests will be sent to the server. color: rgb(120, 120, 120) color: inherit @ http://localhost:3000/_next/static/chunks/node_modules_next_dist_0fbd3ry._.js:1330
[     858ms] [LOG] %c[Vercel Web Analytics]%c [view] http://localhost:3000/timeline color: rgb(120, 120, 120) color: inherit {o: http://localhost:3000/timeline, sv: 0.1.3, sdkn: @vercel/analytics/react, sdkv: 2.0.1, ts: 1777845805316} /_vercel/insights/view @ http://localhost:3000/_next/static/chunks/node_modules_next_dist_0fbd3ry._.js:1330
[     858ms] [LOG] %c[Vercel Speed Insights]%c Debug mode is enabled by default in development. No requests will be sent to the server. color: rgb(120, 120, 120) color: inherit @ http://localhost:3000/_next/static/chunks/node_modules_next_dist_0fbd3ry._.js:1330
[    5870ms] [ERROR] Failed to load resource: net::ERR_CONNECTION_REFUSED @ https://region1.google-analytics.com/g/collect?v=2&tid=G-WYPWNBF6FN&gtm=45je64t1v886286406za200zd886286406&_p=1777845805325&gcd=13l3l3l2l1l1&npa=1&dma_cps=a&dma=1&_eu=AAAAAAQ&are=1&cid=714538472.1777844736&frm=0&pscdl=noapi&rcb=14&sr=390x844&uaa=x86&uab=64&uafvl=Chromium%3B143.0.7499.4%7CNot%2520A(Brand%3B24.0.0.0&uam=&uamb=0&uap=Linux&uapv=6.12.82&uaw=0&ul=es-es&_s=1&tag_exp=0~115616985~115938466~115938469~118289195&dp=%2Ftimeline&sid=1777844735&sct=1&seg=1&dl=http%3A%2F%2Flocalhost%2Ftimeline&dt=Timeline%20-%20Angel%20Batlles&en=page_view&_ee=1&tfd=5867:0
[   68980ms] [LOG] %c[Vercel Speed Insights]%c [vitals] color: rgb(120, 120, 120) color: inherit {speed: 4g, metrics: Array(4), scriptVersion: 0.1.3, sdkName: @vercel/speed-insights/next, sdkVersion: 2.0.0} /_vercel/speed-insights/vitals @ http://localhost:3000/_next/static/chunks/node_modules_next_dist_0fbd3ry._.js:1330
[   68981ms] [LOG] %c[Vercel Web Analytics]%c [view] http://localhost:3000/works color: rgb(120, 120, 120) color: inherit {o: http://localhost:3000/works, sv: 0.1.3, sdkn: @vercel/analytics/react, sdkv: 2.0.1, ts: 1777845873438} /_vercel/insights/view @ http://localhost:3000/_next/static/chunks/node_modules_next_dist_0fbd3ry._.js:1330
[   69077ms] [WARNING] Image with src "/_next/static/media/kumux_1.0s.-q-au67g-d.png" has "fill" but is missing "sizes" prop. Please add it to improve page performance. Read more: https://nextjs.org/docs/api-reference/next/image#sizes @ http://localhost:3000/_next/static/chunks/node_modules_next_dist_0fbd3ry._.js:1330
[   69087ms] [WARNING] Image with src "/_next/static/media/kumux_2.03dp7jy3l2uyc.png" has "fill" but is missing "sizes" prop. Please add it to improve page performance. Read more: https://nextjs.org/docs/api-reference/next/image#sizes @ http://localhost:3000/_next/static/chunks/node_modules_next_dist_0fbd3ry._.js:1330
[   69103ms] [WARNING] Image with src "/_next/static/media/aqd_1.0geeqw~lus1fe.png" has "fill" but is missing "sizes" prop. Please add it to improve page performance. Read more: https://nextjs.org/docs/api-reference/next/image#sizes @ http://localhost:3000/_next/static/chunks/node_modules_next_dist_0fbd3ry._.js:1330
[   69103ms] [WARNING] Image with src "/_next/static/media/web_1.106osm16ma1~-.png" has "fill" but is missing "sizes" prop. Please add it to improve page performance. Read more: https://nextjs.org/docs/api-reference/next/image#sizes @ http://localhost:3000/_next/static/chunks/node_modules_next_dist_0fbd3ry._.js:1330
[   69103ms] [WARNING] Image with src "/_next/static/media/pideme_1.0p2k_a7.bo967.png" has "fill" but is missing "sizes" prop. Please add it to improve page performance. Read more: https://nextjs.org/docs/api-reference/next/image#sizes @ http://localhost:3000/_next/static/chunks/node_modules_next_dist_0fbd3ry._.js:1330
[   69103ms] [WARNING] Image with src "/_next/static/media/iaprevent_1.098y9u3o.w94n.png" has "fill" but is missing "sizes" prop. Please add it to improve page performance. Read more: https://nextjs.org/docs/api-reference/next/image#sizes @ http://localhost:3000/_next/static/chunks/node_modules_next_dist_0fbd3ry._.js:1330
[   69109ms] [WARNING] Image with src "/_next/static/media/littlebox_1.0uyaakv_.brmz.png" has "fill" but is missing "sizes" prop. Please add it to improve page performance. Read more: https://nextjs.org/docs/api-reference/next/image#sizes @ http://localhost:3000/_next/static/chunks/node_modules_next_dist_0fbd3ry._.js:1330
[   69117ms] [WARNING] Image with src "/_next/static/media/avocado.08e53buqfn-i6.png" has "fill" but is missing "sizes" prop. Please add it to improve page performance. Read more: https://nextjs.org/docs/api-reference/next/image#sizes @ http://localhost:3000/_next/static/chunks/node_modules_next_dist_0fbd3ry._.js:1330
[   69126ms] [WARNING] Image with src "/_next/static/media/weather_1.0b~z_5t1ynam..png" has "fill" but is missing "sizes" prop. Please add it to improve page performance. Read more: https://nextjs.org/docs/api-reference/next/image#sizes @ http://localhost:3000/_next/static/chunks/node_modules_next_dist_0fbd3ry._.js:1330
[   69990ms] [ERROR] Failed to load resource: net::ERR_CONNECTION_REFUSED @ https://region1.google-analytics.com/g/collect?v=2&tid=G-WYPWNBF6FN&gtm=45je64t1v886286406za200zd886286406&_p=1777845805325&gcd=13l3l3l2l1l1&npa=1&dma_cps=a&dma=1&_eu=AAACAAQ&are=1&cid=714538472.1777844736&frm=0&pscdl=noapi&rcb=14&sr=1440x900&uaa=x86&uab=64&uafvl=Chromium%3B143.0.7499.4%7CNot%2520A(Brand%3B24.0.0.0&uam=&uamb=0&uap=Linux&uapv=6.12.82&uaw=0&ul=es-es&_s=2&tag_exp=0~115616985~115938466~115938469~118289195&dp=%2Fworks&sid=1777844735&sct=1&seg=1&dl=http%3A%2F%2Flocalhost%2Fworks&dt=Timeline%20-%20Angel%20Batlles&en=page_view&_ee=1&_et=68164&tfd=69981:0
[   72579ms] [LOG] %c[Vercel Web Analytics]%c [view] http://localhost:3000/works/pideme color: rgb(120, 120, 120) color: inherit {o: http://localhost:3000/works/pideme, sv: 0.1.3, sdkn: @vercel/analytics/react, sdkv: 2.0.1, ts: 1777845877038} /_vercel/insights/view @ http://localhost:3000/_next/static/chunks/node_modules_next_dist_0fbd3ry._.js:1330
[   72594ms] [ERROR] In HTML, %s cannot be a descendant of <%s>.
This will cause a hydration error.%s <a> a 

  ...
    <Container maxW="container.md" pt={{base:16,md:20}}>
      <chakra(div) maxW="container.md" pt={{base:16,md:20}} ref={null} css={[...]} className="chakra-con...">
        <Insertion>
        <div className="chakra-con..." ref={null}>
          <Work>
            <Layout title="Pideme">
              <motion.article initial="hidden" animate="enter" exit="exit" variants={{hidden:{...}, ...}} ...>
                <article style={{position:"...", ...}} ref={function useMotionRef.useCallback}>
                  <Head>
                  <Container>
                    <chakra(div) ref={null} css={[...]} className="chakra-con...">
                      <Insertion>
                      <div className="chakra-con..." ref={null}>
                        <Title>
                          <chakra(div)>
                            <Insertion>
                            <div ref={null}>
                              <LinkComponent href="/works">
>                               <a
>                                 ref={function}
>                                 onClick={function onClick}
>                                 onMouseEnter={function onMouseEnter}
>                                 onTouchStart={function onTouchStart}
>                                 href="/works"
>                               >
                                  <Link>
                                    <chakra(a) ref={null} css={[...]} className="chakra-link">
                                      <Insertion>
>                                     <a className="chakra-link css-2yvnes" ref={null}>
                              ...
                        ...
                  ...
          ...
 @ http://localhost:3000/_next/static/chunks/node_modules_next_dist_0fbd3ry._.js:2049
[   72594ms] [ERROR] <%s> cannot contain a nested %s.
See this log for the ancestor stack trace. a <a> @ http://localhost:3000/_next/static/chunks/node_modules_next_dist_0fbd3ry._.js:2049
[   72614ms] [ERROR] Failed to load resource: net::ERR_CONNECTION_REFUSED @ https://region1.google-analytics.com/g/collect?v=2&tid=G-WYPWNBF6FN&gtm=45je64t1v886286406za200zd886286406&_p=1777845805325&gcd=13l3l3l2l1l1&npa=1&dma_cps=a&dma=1&_eu=AEAAAAQ&ae=a&are=1&cid=714538472.1777844736&frm=0&pscdl=noapi&rcb=14&sr=1440x900&uaa=x86&uab=64&uafvl=Chromium%3B143.0.7499.4%7CNot%2520A(Brand%3B24.0.0.0&uam=&uamb=0&uap=Linux&uapv=6.12.82&uaw=0&ul=es-es&_s=3&tag_exp=0~115616985~115938466~115938469~118289195&dp=%2Fworks&dl=http%3A%2F%2Flocalhost%3A3000%2Fworks&dr=http%3A%2F%2Flocalhost%3A3000%2Ftimeline&sid=1777844735&sct=1&seg=1&dt=Works%20-%20Angel%20Batlles&en=page_view&_et=948&tfd=72604:0
[   73582ms] [ERROR] Failed to load resource: net::ERR_CONNECTION_REFUSED @ https://region1.google-analytics.com/g/collect?v=2&tid=G-WYPWNBF6FN&gtm=45je64t1v886286406za200zd886286406&_p=1777845805325&gcd=13l3l3l2l1l1&npa=1&dma_cps=a&dma=1&_eu=AAACAAQ&are=1&cid=714538472.1777844736&frm=0&pscdl=noapi&rcb=14&sr=1440x900&uaa=x86&uab=64&uafvl=Chromium%3B143.0.7499.4%7CNot%2520A(Brand%3B24.0.0.0&uam=&uamb=0&uap=Linux&uapv=6.12.82&uaw=0&ul=es-es&_s=4&tag_exp=0~115616985~115938466~115938469~118289195&dp=%2Fworks%2Fpideme&sid=1777844735&sct=1&seg=1&dl=http%3A%2F%2Flocalhost%2Fworks%2Fpideme&dr=http%3A%2F%2Flocalhost%3A3000%2Ftimeline&dt=Works%20-%20Angel%20Batlles&en=page_view&_ee=1&_et=2622&tfd=73579:0
[   78583ms] [ERROR] Failed to load resource: net::ERR_CONNECTION_REFUSED @ https://region1.google-analytics.com/g/collect?v=2&tid=G-WYPWNBF6FN&gtm=45je64t1v886286406za200zd886286406&_p=1777845805325&gcd=13l3l3l2l1l1&npa=1&dma_cps=a&dma=1&_eu=AEAAAAQ&ae=a&are=1&cid=714538472.1777844736&frm=0&pscdl=noapi&rcb=14&sr=1440x900&uaa=x86&uab=64&uafvl=Chromium%3B143.0.7499.4%7CNot%2520A(Brand%3B24.0.0.0&uam=&uamb=0&uap=Linux&uapv=6.12.82&uaw=0&ul=es-es&_s=5&tag_exp=0~115616985~115938466~115938469~118289195&dp=%2Fworks%2Fpideme&dl=http%3A%2F%2Flocalhost%3A3000%2Fworks%2Fpideme&dr=http%3A%2F%2Flocalhost%3A3000%2Fworks&sid=1777844735&sct=1&seg=1&dt=Pideme%20-%20Angel%20Batlles&en=page_view&_et=974&tfd=78580:0
