[     171ms] [LOG] [Fast Refresh] rebuilding @ http://localhost:3000/_next/static/chunks/node_modules_next_dist_0fbd3ry._.js:1330
[     402ms] [LOG] %c[Vercel Speed Insights]%c [vitals] color: rgb(120, 120, 120) color: inherit {speed: 4g, metrics: Array(5), scriptVersion: 0.1.3, sdkName: @vercel/speed-insights/next, sdkVersion: 2.0.0} /_vercel/speed-insights/vitals @ http://localhost:3000/_next/static/chunks/node_modules_next_dist_0fbd3ry._.js:1330
[     404ms] [LOG] %c[Vercel Speed Insights]%c [vitals] color: rgb(120, 120, 120) color: inherit {speed: 4g, metrics: Array(1), scriptVersion: 0.1.3, sdkName: @vercel/speed-insights/next, sdkVersion: 2.0.0} /_vercel/speed-insights/vitals @ http://localhost:3000/_next/static/chunks/node_modules_next_dist_0fbd3ry._.js:1330
[   48075ms] [INFO] %cDownload the React DevTools for a better development experience: https://react.dev/link/react-devtools font-weight:bold @ http://localhost:3000/_next/static/chunks/node_modules_react-dom_0bruynb._.js:15305
[   48148ms] [WARNING] motion() is deprecated. Use motion.create() instead. @ http://localhost:3000/_next/static/chunks/node_modules_next_dist_0fbd3ry._.js:1330
[   48150ms] [LOG] [HMR] connected @ http://localhost:3000/_next/static/chunks/node_modules_next_dist_0fbd3ry._.js:1330
[   48178ms] [ERROR] `legacyBehavior` is deprecated and will be removed in a future release. A codemod is available to upgrade your components:

npx @next/codemod@latest new-link .

Learn more: https://nextjs.org/docs/app/building-your-application/upgrading/codemods#remove-a-tags-from-link-components @ http://localhost:3000/_next/static/chunks/node_modules_next_dist_0fbd3ry._.js:2049
[   48383ms] [LOG] %c[Vercel Web Analytics]%c Debug mode is enabled by default in development. No requests will be sent to the server. color: rgb(120, 120, 120) color: inherit @ http://localhost:3000/_next/static/chunks/node_modules_next_dist_0fbd3ry._.js:1330
[   48383ms] [LOG] %c[Vercel Web Analytics]%c [view] http://localhost:3000/ color: rgb(120, 120, 120) color: inherit {o: http://localhost:3000/, sv: 0.1.3, sdkn: @vercel/analytics/react, sdkv: 2.0.1, ts: 1777846529995} /_vercel/insights/view @ http://localhost:3000/_next/static/chunks/node_modules_next_dist_0fbd3ry._.js:1330
[   48383ms] [LOG] %c[Vercel Speed Insights]%c Debug mode is enabled by default in development. No requests will be sent to the server. color: rgb(120, 120, 120) color: inherit @ http://localhost:3000/_next/static/chunks/node_modules_next_dist_0fbd3ry._.js:1330
[   53523ms] [ERROR] Failed to load resource: net::ERR_CONNECTION_REFUSED @ https://region1.google-analytics.com/g/collect?v=2&tid=G-WYPWNBF6FN&gtm=45je64t1v886286406za200zd886286406&_p=1777846530072&gcd=13l3l3l2l1l1&npa=1&dma_cps=a&dma=1&_eu=AAAAAAQ&are=1&cid=714538472.1777844736&frm=0&pscdl=noapi&rcb=4&sr=390x844&uaa=x86&uab=64&uafvl=Chromium%3B143.0.7499.4%7CNot%2520A(Brand%3B24.0.0.0&uam=&uamb=0&uap=Linux&uapv=6.12.82&uaw=0&ul=es-es&_s=1&tag_exp=0~115938465~115938469&dp=%2F&sid=1777844735&sct=1&seg=1&dl=http%3A%2F%2Flocalhost%2F&dt=Angel%20Batlles%20-%20Desarrollador%20Full%20Stack&en=page_view&_ee=1&tfd=53499:0
[   71869ms] [LOG] %c[Vercel Speed Insights]%c [vitals] color: rgb(120, 120, 120) color: inherit {speed: 4g, metrics: Array(3), scriptVersion: 0.1.3, sdkName: @vercel/speed-insights/next, sdkVersion: 2.0.0} /_vercel/speed-insights/vitals @ http://localhost:3000/_next/static/chunks/node_modules_next_dist_0fbd3ry._.js:1330
[   71872ms] [LOG] %c[Vercel Speed Insights]%c [vitals] color: rgb(120, 120, 120) color: inherit {speed: 4g, metrics: Array(1), scriptVersion: 0.1.3, sdkName: @vercel/speed-insights/next, sdkVersion: 2.0.0} /_vercel/speed-insights/vitals @ http://localhost:3000/_next/static/chunks/node_modules_next_dist_0fbd3ry._.js:1330
[   73357ms] [INFO] %cDownload the React DevTools for a better development experience: https://react.dev/link/react-devtools font-weight:bold @ http://localhost:3000/_next/static/chunks/node_modules_react-dom_0bruynb._.js:15305
[   73417ms] [WARNING] motion() is deprecated. Use motion.create() instead. @ http://localhost:3000/_next/static/chunks/node_modules_next_dist_0fbd3ry._.js:1330
[   73419ms] [LOG] [HMR] connected @ http://localhost:3000/_next/static/chunks/node_modules_next_dist_0fbd3ry._.js:1330
[   73440ms] [ERROR] `legacyBehavior` is deprecated and will be removed in a future release. A codemod is available to upgrade your components:

npx @next/codemod@latest new-link .

Learn more: https://nextjs.org/docs/app/building-your-application/upgrading/codemods#remove-a-tags-from-link-components @ http://localhost:3000/_next/static/chunks/node_modules_next_dist_0fbd3ry._.js:2049
[   73568ms] [LOG] %c[Vercel Web Analytics]%c Debug mode is enabled by default in development. No requests will be sent to the server. color: rgb(120, 120, 120) color: inherit @ http://localhost:3000/_next/static/chunks/node_modules_next_dist_0fbd3ry._.js:1330
[   73568ms] [LOG] %c[Vercel Web Analytics]%c [view] http://localhost:3000/ color: rgb(120, 120, 120) color: inherit {o: http://localhost:3000/, sv: 0.1.3, sdkn: @vercel/analytics/react, sdkv: 2.0.1, ts: 1777846555179} /_vercel/insights/view @ http://localhost:3000/_next/static/chunks/node_modules_next_dist_0fbd3ry._.js:1330
[   73568ms] [LOG] %c[Vercel Speed Insights]%c Debug mode is enabled by default in development. No requests will be sent to the server. color: rgb(120, 120, 120) color: inherit @ http://localhost:3000/_next/static/chunks/node_modules_next_dist_0fbd3ry._.js:1330
[   78999ms] [ERROR] Failed to load resource: net::ERR_CONNECTION_REFUSED @ https://region1.google-analytics.com/g/collect?v=2&tid=G-WYPWNBF6FN&gtm=45je64t1v886286406za200zd886286406&_p=1777846555249&gcd=13l3l3l2l1l1&npa=1&dma_cps=a&dma=1&_eu=AAAAAAQ&are=1&cid=714538472.1777844736&frm=0&pscdl=noapi&rcb=9&sr=390x844&uaa=x86&uab=64&uafvl=Chromium%3B143.0.7499.4%7CNot%2520A(Brand%3B24.0.0.0&uam=&uamb=0&uap=Linux&uapv=6.12.82&uaw=0&ul=es-es&_s=1&tag_exp=0~115616985~115938465~115938468~118579595&dp=%2F&sid=1777844735&sct=1&seg=1&dl=http%3A%2F%2Flocalhost%2F&dt=Angel%20Batlles%20-%20Desarrollador%20Full%20Stack&en=page_view&_ee=1&tfd=7230:0
[   81350ms] [LOG] %c[Vercel Speed Insights]%c [vitals] color: rgb(120, 120, 120) color: inherit {speed: 4g, metrics: Array(3), scriptVersion: 0.1.3, sdkName: @vercel/speed-insights/next, sdkVersion: 2.0.0} /_vercel/speed-insights/vitals @ http://localhost:3000/_next/static/chunks/node_modules_next_dist_0fbd3ry._.js:1330
[   81352ms] [LOG] %c[Vercel Speed Insights]%c [vitals] color: rgb(120, 120, 120) color: inherit {speed: 4g, metrics: Array(1), scriptVersion: 0.1.3, sdkName: @vercel/speed-insights/next, sdkVersion: 2.0.0} /_vercel/speed-insights/vitals @ http://localhost:3000/_next/static/chunks/node_modules_next_dist_0fbd3ry._.js:1330
[   81593ms] [INFO] %cDownload the React DevTools for a better development experience: https://react.dev/link/react-devtools font-weight:bold @ http://localhost:3000/_next/static/chunks/node_modules_react-dom_0bruynb._.js:15305
[   81651ms] [WARNING] motion() is deprecated. Use motion.create() instead. @ http://localhost:3000/_next/static/chunks/node_modules_next_dist_0fbd3ry._.js:1330
[   81653ms] [LOG] [HMR] connected @ http://localhost:3000/_next/static/chunks/node_modules_next_dist_0fbd3ry._.js:1330
[   81673ms] [ERROR] `legacyBehavior` is deprecated and will be removed in a future release. A codemod is available to upgrade your components:

npx @next/codemod@latest new-link .

Learn more: https://nextjs.org/docs/app/building-your-application/upgrading/codemods#remove-a-tags-from-link-components @ http://localhost:3000/_next/static/chunks/node_modules_next_dist_0fbd3ry._.js:2049
[   81863ms] [LOG] %c[Vercel Web Analytics]%c Debug mode is enabled by default in development. No requests will be sent to the server. color: rgb(120, 120, 120) color: inherit @ http://localhost:3000/_next/static/chunks/node_modules_next_dist_0fbd3ry._.js:1330
[   81864ms] [LOG] %c[Vercel Web Analytics]%c [view] http://localhost:3000/ color: rgb(120, 120, 120) color: inherit {o: http://localhost:3000/, sv: 0.1.3, sdkn: @vercel/analytics/react, sdkv: 2.0.1, ts: 1777846563475} /_vercel/insights/view @ http://localhost:3000/_next/static/chunks/node_modules_next_dist_0fbd3ry._.js:1330
[   81864ms] [LOG] %c[Vercel Speed Insights]%c Debug mode is enabled by default in development. No requests will be sent to the server. color: rgb(120, 120, 120) color: inherit @ http://localhost:3000/_next/static/chunks/node_modules_next_dist_0fbd3ry._.js:1330
[   84418ms] [LOG] %c[Vercel Speed Insights]%c [vitals] color: rgb(120, 120, 120) color: inherit {speed: 4g, metrics: Array(3), scriptVersion: 0.1.3, sdkName: @vercel/speed-insights/next, sdkVersion: 2.0.0} /_vercel/speed-insights/vitals @ http://localhost:3000/_next/static/chunks/node_modules_next_dist_0fbd3ry._.js:1330
[   84420ms] [LOG] %c[Vercel Speed Insights]%c [vitals] color: rgb(120, 120, 120) color: inherit {speed: 4g, metrics: Array(1), scriptVersion: 0.1.3, sdkName: @vercel/speed-insights/next, sdkVersion: 2.0.0} /_vercel/speed-insights/vitals @ http://localhost:3000/_next/static/chunks/node_modules_next_dist_0fbd3ry._.js:1330
[   85515ms] [INFO] %cDownload the React DevTools for a better development experience: https://react.dev/link/react-devtools font-weight:bold @ http://localhost:3000/_next/static/chunks/node_modules_react-dom_0bruynb._.js:15305
[   85565ms] [WARNING] motion() is deprecated. Use motion.create() instead. @ http://localhost:3000/_next/static/chunks/node_modules_next_dist_0fbd3ry._.js:1330
[   85567ms] [LOG] [HMR] connected @ http://localhost:3000/_next/static/chunks/node_modules_next_dist_0fbd3ry._.js:1330
[   85583ms] [ERROR] `legacyBehavior` is deprecated and will be removed in a future release. A codemod is available to upgrade your components:

npx @next/codemod@latest new-link .

Learn more: https://nextjs.org/docs/app/building-your-application/upgrading/codemods#remove-a-tags-from-link-components @ http://localhost:3000/_next/static/chunks/node_modules_next_dist_0fbd3ry._.js:2049
[   85748ms] [LOG] %c[Vercel Web Analytics]%c Debug mode is enabled by default in development. No requests will be sent to the server. color: rgb(120, 120, 120) color: inherit @ http://localhost:3000/_next/static/chunks/node_modules_next_dist_0fbd3ry._.js:1330
[   85748ms] [LOG] %c[Vercel Web Analytics]%c [view] http://localhost:3000/ color: rgb(120, 120, 120) color: inherit {o: http://localhost:3000/, sv: 0.1.3, sdkn: @vercel/analytics/react, sdkv: 2.0.1, ts: 1777846567359} /_vercel/insights/view @ http://localhost:3000/_next/static/chunks/node_modules_next_dist_0fbd3ry._.js:1330
[   85748ms] [LOG] %c[Vercel Speed Insights]%c Debug mode is enabled by default in development. No requests will be sent to the server. color: rgb(120, 120, 120) color: inherit @ http://localhost:3000/_next/static/chunks/node_modules_next_dist_0fbd3ry._.js:1330
[   88937ms] [LOG] %c[Vercel Speed Insights]%c [vitals] color: rgb(120, 120, 120) color: inherit {speed: 4g, metrics: Array(3), scriptVersion: 0.1.3, sdkName: @vercel/speed-insights/next, sdkVersion: 2.0.0} /_vercel/speed-insights/vitals @ http://localhost:3000/_next/static/chunks/node_modules_next_dist_0fbd3ry._.js:1330
[   88938ms] [LOG] %c[Vercel Speed Insights]%c [vitals] color: rgb(120, 120, 120) color: inherit {speed: 4g, metrics: Array(1), scriptVersion: 0.1.3, sdkName: @vercel/speed-insights/next, sdkVersion: 2.0.0} /_vercel/speed-insights/vitals @ http://localhost:3000/_next/static/chunks/node_modules_next_dist_0fbd3ry._.js:1330
[   89434ms] [INFO] %cDownload the React DevTools for a better development experience: https://react.dev/link/react-devtools font-weight:bold @ http://localhost:3000/_next/static/chunks/node_modules_react-dom_0bruynb._.js:15305
[   89497ms] [LOG] [HMR] connected @ http://localhost:3000/_next/static/chunks/node_modules_next_dist_0fbd3ry._.js:1330
[   89498ms] [WARNING] [HMR] Invalid message: {"type":"isrManifest","data":{"/":true,"/works/pideme":true,"/works":true,"/timeline":true,"/blog":true,"/blog/automation-safety-intro":true,"/blog/nextjs-15-responsive-apps":true}}
TypeError: Cannot read properties of undefined (reading 'components')
    at handleStaticIndicator (http://localhost:3000/_next/static/chunks/node_modules_next_dist_client_0avahd3._.js:2799:46)
    at processMessage (http://localhost:3000/_next/static/chunks/node_modules_next_dist_client_0avahd3._.js:2813:17)
    at http://localhost:3000/_next/static/chunks/node_modules_next_dist_client_0avahd3._.js:2687:13
    at WebSocket.handleMessage (http://localhost:3000/_next/static/chunks/node_modules_next_dist_client_0avahd3._.js:2332:17) @ http://localhost:3000/_next/static/chunks/node_modules_next_dist_0fbd3ry._.js:1330
[   89534ms] [WARNING] motion() is deprecated. Use motion.create() instead. @ http://localhost:3000/_next/static/chunks/node_modules_next_dist_0fbd3ry._.js:1330
[   89556ms] [ERROR] `legacyBehavior` is deprecated and will be removed in a future release. A codemod is available to upgrade your components:

npx @next/codemod@latest new-link .

Learn more: https://nextjs.org/docs/app/building-your-application/upgrading/codemods#remove-a-tags-from-link-components @ http://localhost:3000/_next/static/chunks/node_modules_next_dist_0fbd3ry._.js:2049
[   89703ms] [LOG] %c[Vercel Web Analytics]%c Debug mode is enabled by default in development. No requests will be sent to the server. color: rgb(120, 120, 120) color: inherit @ http://localhost:3000/_next/static/chunks/node_modules_next_dist_0fbd3ry._.js:1330
[   89703ms] [LOG] %c[Vercel Web Analytics]%c [view] http://localhost:3000/ color: rgb(120, 120, 120) color: inherit {o: http://localhost:3000/, sv: 0.1.3, sdkn: @vercel/analytics/react, sdkv: 2.0.1, ts: 1777846571314} /_vercel/insights/view @ http://localhost:3000/_next/static/chunks/node_modules_next_dist_0fbd3ry._.js:1330
[   89707ms] [LOG] %c[Vercel Speed Insights]%c Debug mode is enabled by default in development. No requests will be sent to the server. color: rgb(120, 120, 120) color: inherit @ http://localhost:3000/_next/static/chunks/node_modules_next_dist_0fbd3ry._.js:1330
[   94822ms] [ERROR] Failed to load resource: net::ERR_CONNECTION_REFUSED @ https://region1.google-analytics.com/g/collect?v=2&tid=G-WYPWNBF6FN&gtm=45je64t1v886286406za200zd886286406&_p=1777846571392&gcd=13l3l3l2l1l1&npa=1&dma_cps=a&dma=1&_eu=AAAAAAQ&are=1&cid=714538472.1777844736&frm=0&pscdl=noapi&rcb=13&sr=390x844&uaa=x86&uab=64&uafvl=Chromium%3B143.0.7499.4%7CNot%2520A(Brand%3B24.0.0.0&uam=&uamb=0&uap=Linux&uapv=6.12.82&uaw=0&ul=es-es&_s=1&tag_exp=0~115938466~115938468&dp=%2F&sid=1777844735&sct=1&seg=1&dl=http%3A%2F%2Flocalhost%2F&dt=Angel%20Batlles%20-%20Desarrollador%20Full%20Stack&en=page_view&_ee=1&tfd=5944:0
[   98070ms] [LOG] %c[Vercel Speed Insights]%c [vitals] color: rgb(120, 120, 120) color: inherit {speed: 4g, metrics: Array(4), scriptVersion: 0.1.3, sdkName: @vercel/speed-insights/next, sdkVersion: 2.0.0} /_vercel/speed-insights/vitals @ http://localhost:3000/_next/static/chunks/node_modules_next_dist_0fbd3ry._.js:1330
[   98070ms] [LOG] %c[Vercel Web Analytics]%c [view] http://localhost:3000/works color: rgb(120, 120, 120) color: inherit {o: http://localhost:3000/works, sv: 0.1.3, sdkn: @vercel/analytics/react, sdkv: 2.0.1, ts: 1777846579681} /_vercel/insights/view @ http://localhost:3000/_next/static/chunks/node_modules_next_dist_0fbd3ry._.js:1330
[   99073ms] [ERROR] Failed to load resource: net::ERR_CONNECTION_REFUSED @ https://region1.google-analytics.com/g/collect?v=2&tid=G-WYPWNBF6FN&gtm=45je64t1v886286406za200zd886286406&_p=1777846571392&gcd=13l3l3l2l1l1&npa=1&dma_cps=a&dma=1&_eu=AAACAAQ&are=1&cid=714538472.1777844736&frm=0&pscdl=noapi&rcb=13&sr=390x844&uaa=x86&uab=64&uafvl=Chromium%3B143.0.7499.4%7CNot%2520A(Brand%3B24.0.0.0&uam=&uamb=0&uap=Linux&uapv=6.12.82&uaw=0&ul=es-es&_s=2&tag_exp=0~115938466~115938468&dp=%2Fworks&sid=1777844735&sct=1&seg=1&dl=http%3A%2F%2Flocalhost%2Fworks&dt=Angel%20Batlles%20-%20Desarrollador%20Full%20Stack&en=page_view&_ee=1&_et=8464&tfd=10214:0
[   99434ms] [LOG] %c[Vercel Web Analytics]%c [view] http://localhost:3000/works/pideme color: rgb(120, 120, 120) color: inherit {o: http://localhost:3000/works/pideme, sv: 0.1.3, sdkn: @vercel/analytics/react, sdkv: 2.0.1, ts: 1777846581045} /_vercel/insights/view @ http://localhost:3000/_next/static/chunks/node_modules_next_dist_0fbd3ry._.js:1330
[   99470ms] [ERROR] Failed to load resource: net::ERR_CONNECTION_REFUSED @ https://region1.google-analytics.com/g/collect?v=2&tid=G-WYPWNBF6FN&gtm=45je64t1v886286406za200zd886286406&_p=1777846571392&gcd=13l3l3l2l1l1&npa=1&dma_cps=a&dma=1&_eu=AEAAAAQ&ae=a&are=1&cid=714538472.1777844736&frm=0&pscdl=noapi&rcb=13&sr=390x844&uaa=x86&uab=64&uafvl=Chromium%3B143.0.7499.4%7CNot%2520A(Brand%3B24.0.0.0&uam=&uamb=0&uap=Linux&uapv=6.12.82&uaw=0&ul=es-es&_s=3&tag_exp=0~115938466~115938468&dp=%2Fworks&dl=http%3A%2F%2Flocalhost%3A3000%2Fworks&dr=http%3A%2F%2Flocalhost%3A3000%2F&sid=1777844735&sct=1&seg=1&dt=Works%20-%20Angel%20Batlles&en=page_view&_et=823&tfd=10603:0
[  100437ms] [ERROR] Failed to load resource: net::ERR_CONNECTION_REFUSED @ https://region1.google-analytics.com/g/collect?v=2&tid=G-WYPWNBF6FN&gtm=45je64t1v886286406za200zd886286406&_p=1777846571392&gcd=13l3l3l2l1l1&npa=1&dma_cps=a&dma=1&_eu=AAACAAQ&are=1&cid=714538472.1777844736&frm=0&pscdl=noapi&rcb=13&sr=390x844&uaa=x86&uab=64&uafvl=Chromium%3B143.0.7499.4%7CNot%2520A(Brand%3B24.0.0.0&uam=&uamb=0&uap=Linux&uapv=6.12.82&uaw=0&ul=es-es&_s=4&tag_exp=0~115938466~115938468&dp=%2Fworks%2Fpideme&sid=1777844735&sct=1&seg=1&dl=http%3A%2F%2Flocalhost%2Fworks%2Fpideme&dr=http%3A%2F%2Flocalhost%3A3000%2F&dt=Works%20-%20Angel%20Batlles&en=page_view&_ee=1&_et=389&tfd=11578:0
[  101204ms] [LOG] %c[Vercel Web Analytics]%c [view] http://localhost:3000/ color: rgb(120, 120, 120) color: inherit {o: http://localhost:3000/, sv: 0.1.3, sdkn: @vercel/analytics/react, sdkv: 2.0.1, ts: 1777846582816} /_vercel/insights/view @ http://localhost:3000/_next/static/chunks/node_modules_next_dist_0fbd3ry._.js:1330
[  101252ms] [ERROR] The tag <%s> is unrecognized in this browser. If you meant to render a React component, start its name with an uppercase letter. path @ http://localhost:3000/_next/static/chunks/node_modules_next_dist_0fbd3ry._.js:2049
[  101291ms] [ERROR] Failed to load resource: net::ERR_CONNECTION_REFUSED @ https://region1.google-analytics.com/g/collect?v=2&tid=G-WYPWNBF6FN&gtm=45je64t1v886286406za200zd886286406&_p=1777846571392&gcd=13l3l3l2l1l1&npa=1&dma_cps=a&dma=1&_eu=AEAAAAQ&ae=a&are=1&cid=714538472.1777844736&frm=0&pscdl=noapi&rcb=13&sr=390x844&uaa=x86&uab=64&uafvl=Chromium%3B143.0.7499.4%7CNot%2520A(Brand%3B24.0.0.0&uam=&uamb=0&uap=Linux&uapv=6.12.82&uaw=0&ul=es-es&_s=5&tag_exp=0~115938466~115938468&dp=%2Fworks%2Fpideme&dl=http%3A%2F%2Flocalhost%3A3000%2Fworks%2Fpideme&dr=http%3A%2F%2Flocalhost%3A3000%2Fworks&sid=1777844735&sct=1&seg=1&dt=Pideme%20-%20Angel%20Batlles&en=page_view&_et=974&tfd=12408:0
[  102210ms] [ERROR] Failed to load resource: net::ERR_CONNECTION_REFUSED @ https://region1.google-analytics.com/g/collect?v=2&tid=G-WYPWNBF6FN&gtm=45je64t1v886286406za200zd886286406&_p=1777846571392&gcd=13l3l3l2l1l1&npa=1&dma_cps=a&dma=1&_eu=AAACAAQ&are=1&cid=714538472.1777844736&frm=0&pscdl=noapi&rcb=13&sr=390x844&uaa=x86&uab=64&uafvl=Chromium%3B143.0.7499.4%7CNot%2520A(Brand%3B24.0.0.0&uam=&uamb=0&uap=Linux&uapv=6.12.82&uaw=0&ul=es-es&_s=6&tag_exp=0~115938466~115938468&dp=%2F&sid=1777844735&sct=1&seg=1&dl=http%3A%2F%2Flocalhost%2F&dr=http%3A%2F%2Flocalhost%3A3000%2Fworks&dt=Pideme%20-%20Angel%20Batlles&en=page_view&_ee=1&_et=831&tfd=13348:0
[  102980ms] [LOG] [Fast Refresh] rebuilding @ http://localhost:3000/_next/static/chunks/node_modules_next_dist_0fbd3ry._.js:1330
[  103297ms] [LOG] [Fast Refresh] done in 417ms @ http://localhost:3000/_next/static/chunks/node_modules_next_dist_0fbd3ry._.js:1330
[  103299ms] [LOG] %c[Vercel Web Analytics]%c [view] http://localhost:3000/blog color: rgb(120, 120, 120) color: inherit {o: http://localhost:3000/blog, sv: 0.1.3, sdkn: @vercel/analytics/react, sdkv: 2.0.1, ts: 1777846584910} /_vercel/insights/view @ http://localhost:3000/_next/static/chunks/node_modules_next_dist_0fbd3ry._.js:1330
[  103365ms] [ERROR] Failed to load resource: net::ERR_CONNECTION_REFUSED @ https://region1.google-analytics.com/g/collect?v=2&tid=G-WYPWNBF6FN&gtm=45je64t1v886286406za200zd886286406&_p=1777846571392&gcd=13l3l3l2l1l1&npa=1&dma_cps=a&dma=1&_eu=AEAAAAQ&ae=a&are=1&cid=714538472.1777844736&frm=0&pscdl=noapi&rcb=13&sr=390x844&uaa=x86&uab=64&uafvl=Chromium%3B143.0.7499.4%7CNot%2520A(Brand%3B24.0.0.0&uam=&uamb=0&uap=Linux&uapv=6.12.82&uaw=0&ul=es-es&_s=7&tag_exp=0~115938466~115938468&dp=%2F&dl=http%3A%2F%2Flocalhost%3A3000%2F&dr=http%3A%2F%2Flocalhost%3A3000%2Fworks%2Fpideme&sid=1777844735&sct=1&seg=1&dt=Angel%20Batlles%20-%20Desarrollador%20Full%20Stack&en=page_view&_et=939&tfd=14496:0
[  104301ms] [ERROR] Failed to load resource: net::ERR_CONNECTION_REFUSED @ https://region1.google-analytics.com/g/collect?v=2&tid=G-WYPWNBF6FN&gtm=45je64t1v886286406za200zd886286406&_p=1777846571392&gcd=13l3l3l2l1l1&npa=1&dma_cps=a&dma=1&_eu=AAACAAQ&are=1&cid=714538472.1777844736&frm=0&pscdl=noapi&rcb=13&sr=390x844&uaa=x86&uab=64&uafvl=Chromium%3B143.0.7499.4%7CNot%2520A(Brand%3B24.0.0.0&uam=&uamb=0&uap=Linux&uapv=6.12.82&uaw=0&ul=es-es&_s=8&tag_exp=0~115938466~115938468&dp=%2Fblog&sid=1777844735&sct=1&seg=1&dl=http%3A%2F%2Flocalhost%2Fblog&dr=http%3A%2F%2Flocalhost%3A3000%2Fworks%2Fpideme&dt=Angel%20Batlles%20-%20Desarrollador%20Full%20Stack&en=page_view&_ee=1&_et=1147&tfd=15442:0
[  104441ms] [LOG] [Fast Refresh] rebuilding @ http://localhost:3000/_next/static/chunks/node_modules_next_dist_0fbd3ry._.js:1330
[  104767ms] [LOG] [Fast Refresh] done in 427ms @ http://localhost:3000/_next/static/chunks/node_modules_next_dist_0fbd3ry._.js:1330
[  104771ms] [LOG] %c[Vercel Web Analytics]%c [view] http://localhost:3000/blog/automation-safety-intro color: rgb(120, 120, 120) color: inherit {o: http://localhost:3000/blog/automation-safety-intro, sv: 0.1.3, sdkn: @vercel/analytics/react, sdkv: 2.0.1, ts: 1777846586382} /_vercel/insights/view @ http://localhost:3000/_next/static/chunks/node_modules_next_dist_0fbd3ry._.js:1330
[  104826ms] [ERROR] Failed to load resource: net::ERR_CONNECTION_REFUSED @ https://region1.google-analytics.com/g/collect?v=2&tid=G-WYPWNBF6FN&gtm=45je64t1v886286406za200zd886286406&_p=1777846571392&gcd=13l3l3l2l1l1&npa=1&dma_cps=a&dma=1&_eu=AEAAAAQ&ae=a&are=1&cid=714538472.1777844736&frm=0&pscdl=noapi&rcb=13&sr=390x844&uaa=x86&uab=64&uafvl=Chromium%3B143.0.7499.4%7CNot%2520A(Brand%3B24.0.0.0&uam=&uamb=0&uap=Linux&uapv=6.12.82&uaw=0&ul=es-es&_s=9&tag_exp=0~115938466~115938468&dp=%2Fblog&dl=http%3A%2F%2Flocalhost%3A3000%2Fblog&dr=http%3A%2F%2Flocalhost%3A3000%2F&sid=1777844735&sct=1&seg=1&dt=Blog%20-%20Angel%20Batlles&en=page_view&_et=945&tfd=15950:0
[  105773ms] [ERROR] Failed to load resource: net::ERR_CONNECTION_REFUSED @ https://region1.google-analytics.com/g/collect?v=2&tid=G-WYPWNBF6FN&gtm=45je64t1v886286406za200zd886286406&_p=1777846571392&gcd=13l3l3l2l1l1&npa=1&dma_cps=a&dma=1&_eu=AAACAAQ&are=1&cid=714538472.1777844736&frm=0&pscdl=noapi&rcb=13&sr=390x844&uaa=x86&uab=64&uafvl=Chromium%3B143.0.7499.4%7CNot%2520A(Brand%3B24.0.0.0&uam=&uamb=0&uap=Linux&uapv=6.12.82&uaw=0&ul=es-es&_s=10&tag_exp=0~115938466~115938468&dp=%2Fblog%2Fautomation-safety-intro&sid=1777844735&sct=1&seg=1&dl=http%3A%2F%2Flocalhost%2Fblog%2Fautomation-safety-intro&dr=http%3A%2F%2Flocalhost%3A3000%2F&dt=Blog%20-%20Angel%20Batlles&en=page_view&_ee=1&_et=507&tfd=16914:0
[  107720ms] [LOG] %c[Vercel Web Analytics]%c [view] http://localhost:3000/ color: rgb(120, 120, 120) color: inherit {o: http://localhost:3000/, sv: 0.1.3, sdkn: @vercel/analytics/react, sdkv: 2.0.1, ts: 1777846589331} /_vercel/insights/view @ http://localhost:3000/_next/static/chunks/node_modules_next_dist_0fbd3ry._.js:1330
[  107817ms] [ERROR] Failed to load resource: net::ERR_CONNECTION_REFUSED @ https://region1.google-analytics.com/g/collect?v=2&tid=G-WYPWNBF6FN&gtm=45je64t1v886286406za200zd886286406&_p=1777846571392&gcd=13l3l3l2l1l1&npa=1&dma_cps=a&dma=1&_eu=AEAAAAQ&ae=a&are=1&cid=714538472.1777844736&frm=0&pscdl=noapi&rcb=13&sr=390x844&uaa=x86&uab=64&uafvl=Chromium%3B143.0.7499.4%7CNot%2520A(Brand%3B24.0.0.0&uam=&uamb=0&uap=Linux&uapv=6.12.82&uaw=0&ul=es-es&_s=11&tag_exp=0~115938466~115938468&dp=%2Fblog%2Fautomation-safety-intro&dl=http%3A%2F%2Flocalhost%3A3000%2Fblog%2Fautomation-safety-intro&dr=http%3A%2F%2Flocalhost%3A3000%2Fblog&sid=1777844735&sct=1&seg=1&dt=Construyendo%20una%20Red%20de%20Seguridad%20alrededor%20de%20la%20Automatizaci%C3%B3n%20DeFi%20-%20Angel%20Batlles&en=page_view&_et=964&tfd=18930:0
[  108723ms] [ERROR] Failed to load resource: net::ERR_CONNECTION_REFUSED @ https://region1.google-analytics.com/g/collect?v=2&tid=G-WYPWNBF6FN&gtm=45je64t1v886286406za200zd886286406&_p=1777846571392&gcd=13l3l3l2l1l1&npa=1&dma_cps=a&dma=1&_eu=AAACAAQ&are=1&cid=714538472.1777844736&frm=0&pscdl=noapi&rcb=13&sr=390x844&uaa=x86&uab=64&uafvl=Chromium%3B143.0.7499.4%7CNot%2520A(Brand%3B24.0.0.0&uam=&uamb=0&uap=Linux&uapv=6.12.82&uaw=0&ul=es-es&_s=12&tag_exp=0~115938466~115938468&dp=%2F&sid=1777844735&sct=1&seg=1&dl=http%3A%2F%2Flocalhost%2F&dr=http%3A%2F%2Flocalhost%3A3000%2Fblog&dt=Construyendo%20una%20Red%20de%20Seguridad%20alrededor%20de%20la%20Automatizaci%C3%B3n%20DeFi%20-%20Angel%20Batlles&en=page_view&_ee=1&_et=2015&tfd=19864:0
[  113737ms] [ERROR] Failed to load resource: net::ERR_CONNECTION_REFUSED @ https://region1.google-analytics.com/g/collect?v=2&tid=G-WYPWNBF6FN&gtm=45je64t1v886286406za200zd886286406&_p=1777846571392&gcd=13l3l3l2l1l1&npa=1&dma_cps=a&dma=1&_eu=AEAAAAQ&ae=a&are=1&cid=714538472.1777844736&frm=0&pscdl=noapi&rcb=13&sr=390x844&uaa=x86&uab=64&uafvl=Chromium%3B143.0.7499.4%7CNot%2520A(Brand%3B24.0.0.0&uam=&uamb=0&uap=Linux&uapv=6.12.82&uaw=0&ul=es-es&_s=13&tag_exp=0~115938466~115938468&dp=%2F&dl=http%3A%2F%2Flocalhost%3A3000%2F&dr=http%3A%2F%2Flocalhost%3A3000%2Fblog%2Fautomation-safety-intro&sid=1777844735&sct=1&seg=1&dt=Angel%20Batlles%20-%20Desarrollador%20Full%20Stack&en=page_view&_et=933&tfd=24878:0
