[     128ms] [LOG] [Fast Refresh] rebuilding @ http://localhost:3000/_next/static/chunks/node_modules_next_dist_0fbd3ry._.js:1330
[     430ms] [LOG] %c[Vercel Speed Insights]%c [vitals] color: rgb(120, 120, 120) color: inherit {speed: 4g, metrics: Array(5), scriptVersion: 0.1.3, sdkName: @vercel/speed-insights/next, sdkVersion: 2.0.0} /_vercel/speed-insights/vitals @ http://localhost:3000/_next/static/chunks/node_modules_next_dist_0fbd3ry._.js:1330
[     436ms] [LOG] %c[Vercel Speed Insights]%c [vitals] color: rgb(120, 120, 120) color: inherit {speed: 4g, metrics: Array(1), scriptVersion: 0.1.3, sdkName: @vercel/speed-insights/next, sdkVersion: 2.0.0} /_vercel/speed-insights/vitals @ http://localhost:3000/_next/static/chunks/node_modules_next_dist_0fbd3ry._.js:1330
[    5159ms] [INFO] %cDownload the React DevTools for a better development experience: https://react.dev/link/react-devtools font-weight:bold @ http://localhost:3000/_next/static/chunks/node_modules_react-dom_0bruynb._.js:15305
[    5218ms] [WARNING] motion() is deprecated. Use motion.create() instead. @ http://localhost:3000/_next/static/chunks/node_modules_next_dist_0fbd3ry._.js:1330
[    5219ms] [LOG] [HMR] connected @ http://localhost:3000/_next/static/chunks/node_modules_next_dist_0fbd3ry._.js:1330
[    5247ms] [ERROR] `legacyBehavior` is deprecated and will be removed in a future release. A codemod is available to upgrade your components:

npx @next/codemod@latest new-link .

Learn more: https://nextjs.org/docs/app/building-your-application/upgrading/codemods#remove-a-tags-from-link-components @ http://localhost:3000/_next/static/chunks/node_modules_next_dist_0fbd3ry._.js:2049
[    5432ms] [LOG] %c[Vercel Web Analytics]%c Debug mode is enabled by default in development. No requests will be sent to the server. color: rgb(120, 120, 120) color: inherit @ http://localhost:3000/_next/static/chunks/node_modules_next_dist_0fbd3ry._.js:1330
[    5432ms] [LOG] %c[Vercel Web Analytics]%c [view] http://localhost:3000/ color: rgb(120, 120, 120) color: inherit {o: http://localhost:3000/, sv: 0.1.3, sdkn: @vercel/analytics/react, sdkv: 2.0.1, ts: 1777845595878} /_vercel/insights/view @ http://localhost:3000/_next/static/chunks/node_modules_next_dist_0fbd3ry._.js:1330
[    5433ms] [LOG] %c[Vercel Speed Insights]%c Debug mode is enabled by default in development. No requests will be sent to the server. color: rgb(120, 120, 120) color: inherit @ http://localhost:3000/_next/static/chunks/node_modules_next_dist_0fbd3ry._.js:1330
[   10470ms] [ERROR] Failed to load resource: net::ERR_CONNECTION_REFUSED @ https://region1.google-analytics.com/g/collect?v=2&tid=G-WYPWNBF6FN&gtm=45je64t1v886286406za200zd886286406&_p=1777845595890&gcd=13l3l3l2l1l1&npa=1&dma_cps=a&dma=1&_eu=AAAAAAQ&are=1&cid=714538472.1777844736&frm=0&pscdl=noapi&rcb=5&sr=390x844&uaa=x86&uab=64&uafvl=Chromium%3B143.0.7499.4%7CNot%2520A(Brand%3B24.0.0.0&uam=&uamb=0&uap=Linux&uapv=6.12.82&uaw=0&ul=es-es&_s=1&tag_exp=0~115938466~115938468~116363097&dp=%2F&sid=1777844735&sct=1&seg=1&dl=http%3A%2F%2Flocalhost%2F&dt=Angel%20Batlles%20-%20Desarrollador%20Full%20Stack&en=page_view&_ee=1&tfd=10446:0
[   19009ms] [LOG] %c[Vercel Speed Insights]%c [vitals] color: rgb(120, 120, 120) color: inherit {speed: 4g, metrics: Array(3), scriptVersion: 0.1.3, sdkName: @vercel/speed-insights/next, sdkVersion: 2.0.0} /_vercel/speed-insights/vitals @ http://localhost:3000/_next/static/chunks/node_modules_next_dist_0fbd3ry._.js:1330
[   19010ms] [LOG] %c[Vercel Web Analytics]%c [view] http://localhost:3000/works color: rgb(120, 120, 120) color: inherit {o: http://localhost:3000/works, sv: 0.1.3, sdkn: @vercel/analytics/react, sdkv: 2.0.1, ts: 1777845609455} /_vercel/insights/view @ http://localhost:3000/_next/static/chunks/node_modules_next_dist_0fbd3ry._.js:1330
[   19118ms] [ERROR] Failed to load resource: net::ERR_CONNECTION_REFUSED @ https://region1.google-analytics.com/g/collect?v=2&tid=G-WYPWNBF6FN&gtm=45je64t1v886286406za200zd886286406&_p=1777845595890&gcd=13l3l3l2l1l1&npa=1&dma_cps=a&dma=1&_eu=AEAAAAQ&ae=a&are=1&cid=714538472.1777844736&frm=0&pscdl=noapi&rcb=5&sr=390x844&uaa=x86&uab=64&uafvl=Chromium%3B143.0.7499.4%7CNot%2520A(Brand%3B24.0.0.0&uam=&uamb=0&uap=Linux&uapv=6.12.82&uaw=0&ul=es-es&_s=2&tag_exp=0~115938466~115938468~116363097&dp=%2F&sid=1777844735&sct=1&seg=1&dl=http%3A%2F%2Flocalhost%2F&dt=Angel%20Batlles%20-%20Desarrollador%20Full%20Stack&en=scroll&epn.percent_scrolled=90&_et=10964&tfd=19100:0
[   20013ms] [ERROR] Failed to load resource: net::ERR_CONNECTION_REFUSED @ https://region1.google-analytics.com/g/collect?v=2&tid=G-WYPWNBF6FN&gtm=45je64t1v886286406za200zd886286406&_p=1777845595890&gcd=13l3l3l2l1l1&npa=1&dma_cps=a&dma=1&_eu=AAACAAQ&are=1&cid=714538472.1777844736&frm=0&pscdl=noapi&rcb=5&sr=390x844&uaa=x86&uab=64&uafvl=Chromium%3B143.0.7499.4%7CNot%2520A(Brand%3B24.0.0.0&uam=&uamb=0&uap=Linux&uapv=6.12.82&uaw=0&ul=es-es&_s=3&tag_exp=0~115938466~115938468~116363097&dp=%2Fworks&sid=1777844735&sct=1&seg=1&dl=http%3A%2F%2Flocalhost%2Fworks&dt=Angel%20Batlles%20-%20Desarrollador%20Full%20Stack&en=page_view&_ee=1&_et=2689&tfd=20010:0
[   20242ms] [LOG] [Fast Refresh] rebuilding @ http://localhost:3000/_next/static/chunks/node_modules_next_dist_0fbd3ry._.js:1330
[   20366ms] [LOG] %c[Vercel Web Analytics]%c [view] http://localhost:3000/works/pideme color: rgb(120, 120, 120) color: inherit {o: http://localhost:3000/works/pideme, sv: 0.1.3, sdkn: @vercel/analytics/react, sdkv: 2.0.1, ts: 1777845610812} /_vercel/insights/view @ http://localhost:3000/_next/static/chunks/node_modules_next_dist_0fbd3ry._.js:1330
[   20382ms] [ERROR] In HTML, %s cannot be a descendant of <%s>.
This will cause a hydration error.%s <a> a 

  ...
    <Container maxW="container.md" pt={{base:16,md:20}}>
      <chakra(div) maxW="container.md" pt={{base:16,md:20}} ref={null} css={[...]} className="chakra-con...">
        <Insertion>
        <div className="chakra-con..." ref={null}>
          <Work>
            <Layout title="Pideme">
              <motion.article initial="hidden" animate="enter" exit="exit" variants={{hidden:{...}, ...}} ...>
                <article style={{position:"...", ...}} ref={function useMotionRef.useCallback}>
                  <Head>
                  <Container>
                    <chakra(div) ref={null} css={[...]} className="chakra-con...">
                      <Insertion>
                      <div className="chakra-con..." ref={null}>
                        <Title>
                          <chakra(div)>
                            <Insertion>
                            <div ref={null}>
                              <LinkComponent href="/works">
>                               <a
>                                 ref={function}
>                                 onClick={function onClick}
>                                 onMouseEnter={function onMouseEnter}
>                                 onTouchStart={function onTouchStart}
>                                 href="/works"
>                               >
                                  <Link>
                                    <chakra(a) ref={null} css={[...]} className="chakra-link">
                                      <Insertion>
>                                     <a className="chakra-link css-2yvnes" ref={null}>
                              ...
                        ...
                  ...
          ...
 @ http://localhost:3000/_next/static/chunks/node_modules_next_dist_0fbd3ry._.js:2049
[   20382ms] [ERROR] <%s> cannot contain a nested %s.
See this log for the ancestor stack trace. a <a> @ http://localhost:3000/_next/static/chunks/node_modules_next_dist_0fbd3ry._.js:2049
[   20409ms] [ERROR] Failed to load resource: net::ERR_CONNECTION_REFUSED @ https://region1.google-analytics.com/g/collect?v=2&tid=G-WYPWNBF6FN&gtm=45je64t1v886286406za200zd886286406&_p=1777845595890&gcd=13l3l3l2l1l1&npa=1&dma_cps=a&dma=1&_eu=AEAAAAQ&ae=a&are=1&cid=714538472.1777844736&frm=0&pscdl=noapi&rcb=5&sr=390x844&uaa=x86&uab=64&uafvl=Chromium%3B143.0.7499.4%7CNot%2520A(Brand%3B24.0.0.0&uam=&uamb=0&uap=Linux&uapv=6.12.82&uaw=0&ul=es-es&_s=4&tag_exp=0~115938466~115938468~116363097&dp=%2Fworks&dl=http%3A%2F%2Flocalhost%3A3000%2Fworks&dr=http%3A%2F%2Flocalhost%3A3000%2F&sid=1777844735&sct=1&seg=1&dt=Works%20-%20Angel%20Batlles&en=page_view&_et=909&tfd=20396:0
[   20432ms] [LOG] [Fast Refresh] done in 291ms @ http://localhost:3000/_next/static/chunks/node_modules_next_dist_0fbd3ry._.js:1330
[   21368ms] [ERROR] Failed to load resource: net::ERR_CONNECTION_REFUSED @ https://region1.google-analytics.com/g/collect?v=2&tid=G-WYPWNBF6FN&gtm=45je64t1v886286406za200zd886286406&_p=1777845595890&gcd=13l3l3l2l1l1&npa=1&dma_cps=a&dma=1&_eu=AAACAAQ&are=1&cid=714538472.1777844736&frm=0&pscdl=noapi&rcb=5&sr=390x844&uaa=x86&uab=64&uafvl=Chromium%3B143.0.7499.4%7CNot%2520A(Brand%3B24.0.0.0&uam=&uamb=0&uap=Linux&uapv=6.12.82&uaw=0&ul=es-es&_s=5&tag_exp=0~115938466~115938468~116363097&dp=%2Fworks%2Fpideme&sid=1777844735&sct=1&seg=1&dl=http%3A%2F%2Flocalhost%2Fworks%2Fpideme&dr=http%3A%2F%2Flocalhost%3A3000%2F&dt=Works%20-%20Angel%20Batlles&en=page_view&_ee=1&_et=385&tfd=21365:0
[   24714ms] [LOG] [Fast Refresh] rebuilding @ http://localhost:3000/_next/static/chunks/node_modules_next_dist_0fbd3ry._.js:1330
[   24808ms] [LOG] [Fast Refresh] done in 195ms @ http://localhost:3000/_next/static/chunks/node_modules_next_dist_0fbd3ry._.js:1330
[   24811ms] [LOG] %c[Vercel Web Analytics]%c [view] http://localhost:3000/timeline color: rgb(120, 120, 120) color: inherit {o: http://localhost:3000/timeline, sv: 0.1.3, sdkn: @vercel/analytics/react, sdkv: 2.0.1, ts: 1777845615257} /_vercel/insights/view @ http://localhost:3000/_next/static/chunks/node_modules_next_dist_0fbd3ry._.js:1330
[   24925ms] [ERROR] Failed to load resource: net::ERR_CONNECTION_REFUSED @ https://region1.google-analytics.com/g/collect?v=2&tid=G-WYPWNBF6FN&gtm=45je64t1v886286406za200zd886286406&_p=1777845595890&gcd=13l3l3l2l1l1&npa=1&dma_cps=a&dma=1&_eu=AEAAAAQ&ae=a&are=1&cid=714538472.1777844736&frm=0&pscdl=noapi&rcb=5&sr=390x844&uaa=x86&uab=64&uafvl=Chromium%3B143.0.7499.4%7CNot%2520A(Brand%3B24.0.0.0&uam=&uamb=0&uap=Linux&uapv=6.12.82&uaw=0&ul=es-es&_s=6&tag_exp=0~115938466~115938468~116363097&dp=%2Fworks%2Fpideme&dl=http%3A%2F%2Flocalhost%3A3000%2Fworks%2Fpideme&dr=http%3A%2F%2Flocalhost%3A3000%2Fworks&sid=1777844735&sct=1&seg=1&dt=Pideme%20-%20Angel%20Batlles&en=page_view&_et=969&tfd=24901:0
[   25815ms] [ERROR] Failed to load resource: net::ERR_CONNECTION_REFUSED @ https://region1.google-analytics.com/g/collect?v=2&tid=G-WYPWNBF6FN&gtm=45je64t1v886286406za200zd886286406&_p=1777845595890&gcd=13l3l3l2l1l1&npa=1&dma_cps=a&dma=1&_eu=AAACAAQ&are=1&cid=714538472.1777844736&frm=0&pscdl=noapi&rcb=5&sr=390x844&uaa=x86&uab=64&uafvl=Chromium%3B143.0.7499.4%7CNot%2520A(Brand%3B24.0.0.0&uam=&uamb=0&uap=Linux&uapv=6.12.82&uaw=0&ul=es-es&_s=7&tag_exp=0~115938466~115938468~116363097&dp=%2Ftimeline&sid=1777844735&sct=1&seg=1&dl=http%3A%2F%2Flocalhost%2Ftimeline&dr=http%3A%2F%2Flocalhost%3A3000%2Fworks&dt=Pideme%20-%20Angel%20Batlles&en=page_view&_ee=1&_et=3534&tfd=25812:0
[   30815ms] [ERROR] Failed to load resource: net::ERR_CONNECTION_REFUSED @ https://region1.google-analytics.com/g/collect?v=2&tid=G-WYPWNBF6FN&gtm=45je64t1v886286406za200zd886286406&_p=1777845595890&gcd=13l3l3l2l1l1&npa=1&dma_cps=a&dma=1&_eu=AEAAAAQ&ae=a&are=1&cid=714538472.1777844736&frm=0&pscdl=noapi&rcb=5&sr=390x844&uaa=x86&uab=64&uafvl=Chromium%3B143.0.7499.4%7CNot%2520A(Brand%3B24.0.0.0&uam=&uamb=0&uap=Linux&uapv=6.12.82&uaw=0&ul=es-es&_s=8&tag_exp=0~115938466~115938468~116363097&dp=%2Ftimeline&dl=http%3A%2F%2Flocalhost%3A3000%2Ftimeline&dr=http%3A%2F%2Flocalhost%3A3000%2Fworks%2Fpideme&sid=1777844735&sct=1&seg=1&dt=Timeline%20-%20Angel%20Batlles&en=page_view&_et=910&tfd=30812:0
